The system is: Windows - 10.0.19043 - AMD64
Compiling the C compiler identification source file "CMakeCCompilerId.c" succeeded.
Compiler: D:/Program Files/Microsoft/VC/Tools/MSVC/14.30.30705/bin/Hostx86/x86/cl.exe 
Build flags: 
Id flags:  

The output was:
0
Microsoft (R) C/C++ Optimizing Compiler versione 19.30.30709 per x86
Copyright (C) Microsoft Corporation. Tutti i diritti  sono riservati.

CMakeCCompilerId.c
Microsoft (R) Incremental Linker Version 14.30.30709.0
Copyright (C) Microsoft Corporation.  All rights reserved.

/out:CMakeCCompilerId.exe 
CMakeCCompilerId.obj 


Compilation of the C compiler identification source "CMakeCCompilerId.c" produced "CMakeCCompilerId.exe"

Compilation of the C compiler identification source "CMakeCCompilerId.c" produced "CMakeCCompilerId.obj"

The C compiler identification is MSVC, found in "D:/WORKSPACE/RASPBERRY_PICO/PROGETTI/test_prj_folder/build/elf2uf2/CMakeFiles/3.23.0-rc1/CompilerIdC/CMakeCCompilerId.exe"

Compiling the CXX compiler identification source file "CMakeCXXCompilerId.cpp" succeeded.
Compiler: D:/Program Files/Microsoft/VC/Tools/MSVC/14.30.30705/bin/Hostx86/x86/cl.exe 
Build flags: 
Id flags:  

The output was:
0
Microsoft (R) C/C++ Optimizing Compiler versione 19.30.30709 per x86
Copyright (C) Microsoft Corporation. Tutti i diritti  sono riservati.

CMakeCXXCompilerId.cpp
Microsoft (R) Incremental Linker Version 14.30.30709.0
Copyright (C) Microsoft Corporation.  All rights reserved.

/out:CMakeCXXCompilerId.exe 
CMakeCXXCompilerId.obj 


Compilation of the CXX compiler identification source "CMakeCXXCompilerId.cpp" produced "CMakeCXXCompilerId.exe"

Compilation of the CXX compiler identification source "CMakeCXXCompilerId.cpp" produced "CMakeCXXCompilerId.obj"

The CXX compiler identification is MSVC, found in "D:/WORKSPACE/RASPBERRY_PICO/PROGETTI/test_prj_folder/build/elf2uf2/CMakeFiles/3.23.0-rc1/CompilerIdCXX/CMakeCXXCompilerId.exe"

Detecting C compiler ABI info compiled with the following output:
Change Dir: D:/WORKSPACE/RASPBERRY_PICO/PROGETTI/test_prj_folder/build/elf2uf2/CMakeFiles/CMakeTmp

Run Build Command(s):nmake -f Makefile /nologo cmTC_0e05e\fast && 	"D:\Program Files\Microsoft\VC\Tools\MSVC\14.30.30705\bin\HostX86\x86\nmake.exe"  -f CMakeFiles\cmTC_0e05e.dir\build.make /nologo -L                  CMakeFiles\cmTC_0e05e.dir\build
Building C object CMakeFiles/cmTC_0e05e.dir/CMakeCCompilerABI.c.obj
	"D:\Program Files\CMake\bin\cmake.exe" -E cmake_cl_compile_depends --dep-file=CMakeFiles\cmTC_0e05e.dir\CMakeCCompilerABI.c.obj.d --working-dir=D:\WORKSPACE\RASPBERRY_PICO\PROGETTI\test_prj_folder\build\elf2uf2\CMakeFiles\CMakeTmp --filter-prefix="Nota: file incluso  D:" -- "D:\Program Files\Microsoft\VC\Tools\MSVC\14.30.30705\bin\Hostx86\x86\cl.exe" @C:\Users\andre\AppData\Local\Temp\nmFB48.tmp
CMakeCCompilerABI.c
Linking C executable cmTC_0e05e.exe
	"D:\Program Files\CMake\bin\cmake.exe" -E vs_link_exe --intdir=CMakeFiles\cmTC_0e05e.dir --rc=C:\PROGRA~2\WI3CF2~1\10\bin\100190~1.0\x86\rc.exe --mt=C:\PROGRA~2\WI3CF2~1\10\bin\100190~1.0\x86\mt.exe --manifests -- "D:\Program Files\Microsoft\VC\Tools\MSVC\14.30.30705\bin\Hostx86\x86\link.exe" /nologo @CMakeFiles\cmTC_0e05e.dir\objects1.rsp @C:\Users\andre\AppData\Local\Temp\nmFC63.tmp



Detecting CXX compiler ABI info compiled with the following output:
Change Dir: D:/WORKSPACE/RASPBERRY_PICO/PROGETTI/test_prj_folder/build/elf2uf2/CMakeFiles/CMakeTmp

Run Build Command(s):nmake -f Makefile /nologo cmTC_ca209\fast && 	"D:\Program Files\Microsoft\VC\Tools\MSVC\14.30.30705\bin\HostX86\x86\nmake.exe"  -f CMakeFiles\cmTC_ca209.dir\build.make /nologo -L                  CMakeFiles\cmTC_ca209.dir\build
Building CXX object CMakeFiles/cmTC_ca209.dir/CMakeCXXCompilerABI.cpp.obj
	"D:\Program Files\CMake\bin\cmake.exe" -E cmake_cl_compile_depends --dep-file=CMakeFiles\cmTC_ca209.dir\CMakeCXXCompilerABI.cpp.obj.d --working-dir=D:\WORKSPACE\RASPBERRY_PICO\PROGETTI\test_prj_folder\build\elf2uf2\CMakeFiles\CMakeTmp --filter-prefix="Nota: file incluso  D:" -- "D:\Program Files\Microsoft\VC\Tools\MSVC\14.30.30705\bin\Hostx86\x86\cl.exe" @C:\Users\andre\AppData\Local\Temp\nm124.tmp
CMakeCXXCompilerABI.cpp
Linking CXX executable cmTC_ca209.exe
	"D:\Program Files\CMake\bin\cmake.exe" -E vs_link_exe --intdir=CMakeFiles\cmTC_ca209.dir --rc=C:\PROGRA~2\WI3CF2~1\10\bin\100190~1.0\x86\rc.exe --mt=C:\PROGRA~2\WI3CF2~1\10\bin\100190~1.0\x86\mt.exe --manifests -- "D:\Program Files\Microsoft\VC\Tools\MSVC\14.30.30705\bin\Hostx86\x86\link.exe" /nologo @CMakeFiles\cmTC_ca209.dir\objects1.rsp @C:\Users\andre\AppData\Local\Temp\nm23F.tmp



